Determining if the pthread_create exist failed with the following output:
Change Dir: /home/workspace/RoboND-HomeServiceRobot/build/CMakeFiles/CMakeTmp

Run Build Command:"/usr/bin/make" "cmTC_ec54a/fast"
/usr/bin/make -f CMakeFiles/cmTC_ec54a.dir/build.make CMakeFiles/cmTC_ec54a.dir/build
make[1]: Entering directory '/home/workspace/RoboND-HomeServiceRobot/build/CMakeFiles/CMakeTmp'
Building C object CMakeFiles/cmTC_ec54a.dir/CheckSymbolExists.c.o
/usr/bin/cc    -o CMakeFiles/cmTC_ec54a.dir/CheckSymbolExists.c.o   -c /home/workspace/RoboND-HomeServiceRobot/build/CMakeFiles/CMakeTmp/CheckSymbolExists.c
Linking C executable cmTC_ec54a
/usr/local/bin/cmake -E cmake_link_script CMakeFiles/cmTC_ec54a.dir/link.txt --verbose=1
/usr/bin/cc      -rdynamic CMakeFiles/cmTC_ec54a.dir/CheckSymbolExists.c.o  -o cmTC_ec54a 
CMakeFiles/cmTC_ec54a.dir/CheckSymbolExists.c.o: In function `main':
CheckSymbolExists.c:(.text+0x16): undefined reference to `pthread_create'
collect2: error: ld returned 1 exit status
CMakeFiles/cmTC_ec54a.dir/build.make:86: recipe for target 'cmTC_ec54a' failed
make[1]: *** [cmTC_ec54a] Error 1
make[1]: Leaving directory '/home/workspace/RoboND-HomeServiceRobot/build/CMakeFiles/CMakeTmp'
Makefile:121: recipe for target 'cmTC_ec54a/fast' failed
make: *** [cmTC_ec54a/fast] Error 2

File /home/workspace/RoboND-HomeServiceRobot/build/CMakeFiles/CMakeTmp/CheckSymbolExists.c:
/* */
#include <pthread.h>

int main(int argc, char** argv)
{
  (void)argv;
#ifndef pthread_create
  return ((int*)(&pthread_create))[argc];
#else
  (void)argc;
  return 0;
#endif
}

Determining if the function pthread_create exists in the pthreads failed with the following output:
Change Dir: /home/workspace/RoboND-HomeServiceRobot/build/CMakeFiles/CMakeTmp

Run Build Command:"/usr/bin/make" "cmTC_54bba/fast"
/usr/bin/make -f CMakeFiles/cmTC_54bba.dir/build.make CMakeFiles/cmTC_54bba.dir/build
make[1]: Entering directory '/home/workspace/RoboND-HomeServiceRobot/build/CMakeFiles/CMakeTmp'
Building C object CMakeFiles/cmTC_54bba.dir/CheckFunctionExists.c.o
/usr/bin/cc   -DCHECK_FUNCTION_EXISTS=pthread_create   -o CMakeFiles/cmTC_54bba.dir/CheckFunctionExists.c.o   -c /usr/local/share/cmake-3.13/Modules/CheckFunctionExists.c
Linking C executable cmTC_54bba
/usr/local/bin/cmake -E cmake_link_script CMakeFiles/cmTC_54bba.dir/link.txt --verbose=1
/usr/bin/cc  -DCHECK_FUNCTION_EXISTS=pthread_create    -rdynamic CMakeFiles/cmTC_54bba.dir/CheckFunctionExists.c.o  -o cmTC_54bba -lpthreads 
/usr/bin/ld: cannot find -lpthreads
collect2: error: ld returned 1 exit status
CMakeFiles/cmTC_54bba.dir/build.make:86: recipe for target 'cmTC_54bba' failed
make[1]: *** [cmTC_54bba] Error 1
make[1]: Leaving directory '/home/workspace/RoboND-HomeServiceRobot/build/CMakeFiles/CMakeTmp'
Makefile:121: recipe for target 'cmTC_54bba/fast' failed
make: *** [cmTC_54bba/fast] Error 2


